app/build/outputs/apk/manifest-merger-debug-report.txt
-- Merging decision tree log ---
manifest
ADDED from AndroidManifest.xml:2:1
	package
		ADDED from AndroidManifest.xml:2:70
		INJECTED from AndroidManifest.xml:0:0
		INJECTED from AndroidManifest.xml:0:0
	android:versionName
		ADDED from AndroidManifest.xml:2:151
	android:versionCode
		ADDED from AndroidManifest.xml:2:177
		INJECTED from AndroidManifest.xml:0:0
		INJECTED from AndroidManifest.xml:0:0
	xmlns:android
		ADDED from AndroidManifest.xml:2:11
	android:installLocation
		ADDED from AndroidManifest.xml:2:201
	android:theme
		ADDED from AndroidManifest.xml:2:103
supports-screens
ADDED from AndroidManifest.xml:3:3
	android:largeScreens
		ADDED from AndroidManifest.xml:3:78
	android:smallScreens
		ADDED from AndroidManifest.xml:3:21
	android:normalScreens
		ADDED from AndroidManifest.xml:3:49
	android:xlargeScreens
		ADDED from AndroidManifest.xml:3:106
	android:anyDensity
		ADDED from AndroidManifest.xml:3:135
application
ADDED from AndroidManifest.xml:4:3
	android:label
		ADDED from AndroidManifest.xml:4:50
	android:debuggable
		ADDED from AndroidManifest.xml:4:83
	android:icon
		ADDED from AndroidManifest.xml:4:16
activity#com.ScottyB.JuggleThis.UnityPlayerNativeActivity
ADDED from AndroidManifest.xml:5:5
	android:screenOrientation
		ADDED from AndroidManifest.xml:5:48
	android:label
		ADDED from AndroidManifest.xml:5:15
	android:launchMode
		ADDED from AndroidManifest.xml:5:87
	android:configChanges
		ADDED from AndroidManifest.xml:5:119
	android:name
		ADDED from AndroidManifest.xml:5:277
intent-filter#android.intent.action.MAIN+android.intent.category.LAUNCHER+android.intent.category.LEANBACK_LAUNCHER
ADDED from AndroidManifest.xml:6:7
action#android.intent.action.MAIN
ADDED from AndroidManifest.xml:7:9
	android:name
		ADDED from AndroidManifest.xml:7:17
category#android.intent.category.LAUNCHER
ADDED from AndroidManifest.xml:8:9
	android:name
		ADDED from AndroidManifest.xml:8:19
category#android.intent.category.LEANBACK_LAUNCHER
ADDED from AndroidManifest.xml:9:9
	android:name
		ADDED from AndroidManifest.xml:9:19
meta-data#unityplayer.UnityActivity
ADDED from AndroidManifest.xml:11:7
	android:value
		ADDED from AndroidManifest.xml:11:59
	android:name
		ADDED from AndroidManifest.xml:11:18
meta-data#unityplayer.ForwardNativeEventsToDalvik
ADDED from AndroidManifest.xml:12:7
	android:value
		ADDED from AndroidManifest.xml:12:73
	android:name
		ADDED from AndroidManifest.xml:12:18
uses-sdk
ADDED from AndroidManifest.xml:15:3
	android:targetSdkVersion
		ADDED from AndroidManifest.xml:15:39
		INJECTED from AndroidManifest.xml:0:0
		INJECTED from AndroidManifest.xml:0:0
	android:minSdkVersion
		ADDED from AndroidManifest.xml:15:13
		INJECTED from AndroidManifest.xml:0:0
		INJECTED from AndroidManifest.xml:0:0
uses-feature#0x00020000
ADDED from AndroidManifest.xml:16:3
	android:glEsVersion
		ADDED from AndroidManifest.xml:16:17
uses-feature#android.hardware.touchscreen
ADDED from AndroidManifest.xml:17:3
	android:required
		ADDED from AndroidManifest.xml:17:61
	android:name
		ADDED from AndroidManifest.xml:17:17
uses-feature#android.hardware.touchscreen.multitouch
ADDED from AndroidManifest.xml:18:3
	android:required
		ADDED from AndroidManifest.xml:18:72
	android:name
		ADDED from AndroidManifest.xml:18:17
uses-feature#android.hardware.touchscreen.multitouch.distinct
ADDED from AndroidManifest.xml:19:3
	android:required
		ADDED from AndroidManifest.xml:19:81
	android:name
		ADDED from AndroidManifest.xml:19:17